<?xml version="1.0" encoding="UTF-8"?>
<!-- Generated by org.testng.reporters.JUnitXMLReporter -->
<testsuite ignored="0" hostname="SriniRepala" failures="0" tests="6" name="Test" time="20.37" errors="0" timestamp="2023-10-20T17:31:36 SAST">
  <testcase classname="com.absa.test.DogBreedApiTest" name="getRandomImgOrLinkForGolden" time="2.561"/>
  <testcase classname="com.absa.test.DogBreedApiTest" name="getSubBreedListFromRetriver" time="0.62"/>
  <testcase classname="com.absa.test.DogBreedApiTest" name="verifyRetriverInResponsePayload" time="0.64"/>
  <testcase classname="com.absa.test.DogBreedApiTest" name="getListOfAllDogBreed" time="0.86"/>
  <testcase classname="com.absa.test.AddUserTest" name="newAddUser1" time="1.818"/>
  <testcase classname="com.absa.test.AddUserTest" name="newAddUser1" time="1.324"/>
</testsuite> <!-- Test -->
