<?xml version="1.0" encoding="UTF-8"?>
<testng-results ignored="0" total="6" passed="6" failed="0" skipped="0">
  <reporter-output>
  </reporter-output>
  <suite started-at="2023-10-20T17:31:15 SAST" name="Suite" finished-at="2023-10-20T17:31:36 SAST" duration-ms="20370">
    <groups>
    </groups>
    <test started-at="2023-10-20T17:31:15 SAST" name="Test" finished-at="2023-10-20T17:31:36 SAST" duration-ms="20370">
      <class name="com.absa.test.DogBreedApiTest">
        <test-method is-config="true" signature="setUp()[pri:0, instance:com.absa.test.DogBreedApiTest@5f049ea1]" started-at="2023-10-20T17:31:15 SAST" name="setUp" finished-at="2023-10-20T17:31:15 SAST" duration-ms="21" status="PASS">
          <reporter-output>
          </reporter-output>
        </test-method> <!-- setUp -->
        <test-method signature="getRandomImgOrLinkForGolden()[pri:1, instance:com.absa.test.DogBreedApiTest@5f049ea1]" started-at="2023-10-20T17:31:15 SAST" name="getRandomImgOrLinkForGolden" finished-at="2023-10-20T17:31:18 SAST" duration-ms="2561" status="PASS">
          <reporter-output>
          </reporter-output>
        </test-method> <!-- getRandomImgOrLinkForGolden -->
        <test-method signature="getSubBreedListFromRetriver()[pri:2, instance:com.absa.test.DogBreedApiTest@5f049ea1]" started-at="2023-10-20T17:31:18 SAST" name="getSubBreedListFromRetriver" finished-at="2023-10-20T17:31:19 SAST" duration-ms="620" status="PASS">
          <reporter-output>
          </reporter-output>
        </test-method> <!-- getSubBreedListFromRetriver -->
        <test-method signature="verifyRetriverInResponsePayload()[pri:3, instance:com.absa.test.DogBreedApiTest@5f049ea1]" started-at="2023-10-20T17:31:19 SAST" name="verifyRetriverInResponsePayload" finished-at="2023-10-20T17:31:19 SAST" duration-ms="640" status="PASS">
          <reporter-output>
          </reporter-output>
        </test-method> <!-- verifyRetriverInResponsePayload -->
        <test-method signature="getListOfAllDogBreed()[pri:4, instance:com.absa.test.DogBreedApiTest@5f049ea1]" started-at="2023-10-20T17:31:19 SAST" name="getListOfAllDogBreed" finished-at="2023-10-20T17:31:20 SAST" duration-ms="860" status="PASS">
          <reporter-output>
          </reporter-output>
        </test-method> <!-- getListOfAllDogBreed -->
        <test-method is-config="true" signature="reportEnd()[pri:0, instance:com.absa.test.DogBreedApiTest@5f049ea1]" started-at="2023-10-20T17:31:35 SAST" name="reportEnd" finished-at="2023-10-20T17:31:36 SAST" duration-ms="295" status="PASS">
          <reporter-output>
          </reporter-output>
        </test-method> <!-- reportEnd -->
      </class> <!-- com.absa.test.DogBreedApiTest -->
      <class name="com.absa.test.AddUserTest">
        <test-method is-config="true" signature="Next()[pri:0, instance:com.absa.test.AddUserTest@7a35b0f5]" started-at="2023-10-20T17:31:21 SAST" name="Next" finished-at="2023-10-20T17:31:27 SAST" duration-ms="5869" status="PASS">
          <reporter-output>
          </reporter-output>
        </test-method> <!-- Next -->
        <test-method signature="newAddUser1(java.lang.String,java.lang.String,java.lang.String,java.lang.String,java.lang.String,java.lang.String,java.lang.String,java.lang.String)[pri:0, instance:com.absa.test.AddUserTest@7a35b0f5]" started-at="2023-10-20T17:31:27 SAST" name="newAddUser1" data-provider="getATestData" finished-at="2023-10-20T17:31:29 SAST" duration-ms="1818" status="PASS">
          <params>
            <param index="0">
              <value>
                <![CDATA[FName3]]>
              </value>
            </param>
            <param index="1">
              <value>
                <![CDATA[LName3]]>
              </value>
            </param>
            <param index="2">
              <value>
                <![CDATA[User3]]>
              </value>
            </param>
            <param index="3">
              <value>
                <![CDATA[Pass3]]>
              </value>
            </param>
            <param index="4">
              <value>
                <![CDATA[Company AAA]]>
              </value>
            </param>
            <param index="5">
              <value>
                <![CDATA[Admin]]>
              </value>
            </param>
            <param index="6">
              <value>
                <![CDATA[admin@gmail.com]]>
              </value>
            </param>
            <param index="7">
              <value>
                <![CDATA[82555]]>
              </value>
            </param>
          </params>
          <reporter-output>
          </reporter-output>
        </test-method> <!-- newAddUser1 -->
        <test-method is-config="true" signature="close()[pri:0, instance:com.absa.test.AddUserTest@7a35b0f5]" started-at="2023-10-20T17:31:29 SAST" name="close" finished-at="2023-10-20T17:31:29 SAST" duration-ms="293" status="PASS">
          <reporter-output>
          </reporter-output>
        </test-method> <!-- close -->
        <test-method is-config="true" signature="Next()[pri:0, instance:com.absa.test.AddUserTest@7a35b0f5]" started-at="2023-10-20T17:31:29 SAST" name="Next" finished-at="2023-10-20T17:31:34 SAST" duration-ms="4847" status="PASS">
          <reporter-output>
          </reporter-output>
        </test-method> <!-- Next -->
        <test-method signature="newAddUser1(java.lang.String,java.lang.String,java.lang.String,java.lang.String,java.lang.String,java.lang.String,java.lang.String,java.lang.String)[pri:0, instance:com.absa.test.AddUserTest@7a35b0f5]" started-at="2023-10-20T17:31:34 SAST" name="newAddUser1" data-provider="getATestData" finished-at="2023-10-20T17:31:35 SAST" duration-ms="1324" status="PASS">
          <params>
            <param index="0">
              <value>
                <![CDATA[FName4]]>
              </value>
            </param>
            <param index="1">
              <value>
                <![CDATA[LName4]]>
              </value>
            </param>
            <param index="2">
              <value>
                <![CDATA[User4]]>
              </value>
            </param>
            <param index="3">
              <value>
                <![CDATA[Pass4]]>
              </value>
            </param>
            <param index="4">
              <value>
                <![CDATA[Company BBB]]>
              </value>
            </param>
            <param index="5">
              <value>
                <![CDATA[Customer]]>
              </value>
            </param>
            <param index="6">
              <value>
                <![CDATA[customer@gmail.com]]>
              </value>
            </param>
            <param index="7">
              <value>
                <![CDATA[83444]]>
              </value>
            </param>
          </params>
          <reporter-output>
          </reporter-output>
        </test-method> <!-- newAddUser1 -->
        <test-method is-config="true" signature="close()[pri:0, instance:com.absa.test.AddUserTest@7a35b0f5]" started-at="2023-10-20T17:31:35 SAST" name="close" finished-at="2023-10-20T17:31:35 SAST" duration-ms="299" status="PASS">
          <reporter-output>
          </reporter-output>
        </test-method> <!-- close -->
      </class> <!-- com.absa.test.AddUserTest -->
    </test> <!-- Test -->
  </suite> <!-- Suite -->
</testng-results>
